<?xml version="1.0" encoding="UTF-8"?>
<!-- Generated by org.testng.reporters.JUnitXMLReporter -->
<testsuite ignored="5" hostname="kamals-MacBook-Air.local" failures="0" tests="0" time="0.024" errors="0" timestamp="2024-01-05T10:23:33 IST">
  <testcase classname="com.example.GroupTesting" name="flipkart" time="0.0">
    <ignored/>
  </testcase> <!-- flipkart -->
  <testcase classname="com.example.GroupTesting" name="amazon" time="0.0">
    <ignored/>
  </testcase> <!-- amazon -->
  <testcase classname="com.example.GroupTesting" name="myntra" time="0.0">
    <ignored/>
  </testcase> <!-- myntra -->
  <testcase classname="com.example.GroupTesting" name="interviewbit" time="0.0">
    <ignored/>
  </testcase> <!-- interviewbit -->
  <testcase classname="com.example.GroupTesting" name="simplilearn" time="0.0">
    <ignored/>
  </testcase> <!-- simplilearn -->
</testsuite>
