<?xml version="1.0" encoding="UTF-8"?>
<!-- Generated by org.testng.reporters.JUnitXMLReporter -->
<testsuite ignored="3" hostname="kamals-MacBook-Air.local" failures="0" tests="2" name="Test1" time="34.292" errors="0" timestamp="2024-01-05T10:39:36 IST">
  <testcase classname="com.example.GroupTesting" name="flipkart" time="17.566"/>
  <testcase classname="com.example.GroupTesting" name="myntra" time="16.536"/>
  <testcase classname="com.example.GroupTesting" name="amazon" time="0.0">
    <ignored/>
  </testcase> <!-- amazon -->
  <testcase classname="com.example.GroupTesting" name="interviewbit" time="0.0">
    <ignored/>
  </testcase> <!-- interviewbit -->
  <testcase classname="com.example.GroupTesting" name="simplilearn" time="0.0">
    <ignored/>
  </testcase> <!-- simplilearn -->
</testsuite> <!-- Test1 -->
