<?xml version="1.0" encoding="UTF-8"?>
<!-- Generated by org.testng.reporters.JUnitXMLReporter -->
<testsuite ignored="2" hostname="kamals-MacBook-Air.local" failures="0" tests="3" name="Test2" time="47.587" errors="0" timestamp="2024-01-05T10:38:07 IST">
  <testcase classname="com.example.GroupTesting" name="amazon" time="8.148"/>
  <testcase classname="com.example.GroupTesting" name="flipkart" time="17.855"/>
  <testcase classname="com.example.GroupTesting" name="myntra" time="21.567"/>
  <testcase classname="com.example.GroupTesting" name="interviewbit" time="0.0">
    <ignored/>
  </testcase> <!-- interviewbit -->
  <testcase classname="com.example.GroupTesting" name="simplilearn" time="0.0">
    <ignored/>
  </testcase> <!-- simplilearn -->
</testsuite> <!-- Test2 -->
